<?xml version="1.0" encoding="UTF-8"?>
<testsuite name="io.pivotal.pal.trackerapi.TimeEntryApiTest" tests="5" skipped="0" failures="0" errors="0" timestamp="2020-03-29T15:37:03" hostname="RABODEVOPS-7s-MacBook-Pro.local" time="1.586">
  <properties/>
  <testcase name="testList()" classname="io.pivotal.pal.trackerapi.TimeEntryApiTest" time="1.451"/>
  <testcase name="testRead()" classname="io.pivotal.pal.trackerapi.TimeEntryApiTest" time="0.041"/>
  <testcase name="testCreate()" classname="io.pivotal.pal.trackerapi.TimeEntryApiTest" time="0.027"/>
  <testcase name="testDelete()" classname="io.pivotal.pal.trackerapi.TimeEntryApiTest" time="0.036"/>
  <testcase name="testUpdate()" classname="io.pivotal.pal.trackerapi.TimeEntryApiTest" time="0.026"/>
  <system-out><![CDATA[21:06:54.960 [Test worker] DEBUG org.springframework.test.context.BootstrapUtils - Instantiating CacheAwareContextLoaderDelegate from class [org.springframework.test.context.cache.DefaultCacheAwareContextLoaderDelegate]
21:06:54.974 [Test worker] DEBUG org.springframework.test.context.BootstrapUtils - Instantiating BootstrapContext using constructor [public org.springframework.test.context.support.DefaultBootstrapContext(java.lang.Class,org.springframework.test.context.CacheAwareContextLoaderDelegate)]
21:06:54.998 [Test worker] DEBUG org.springframework.test.context.BootstrapUtils - Instantiating TestContextBootstrapper for test class [io.pivotal.pal.trackerapi.TimeEntryApiTest] from class [org.springframework.boot.test.context.SpringBootTestContextBootstrapper]
21:06:55.010 [Test worker] INFO org.springframework.boot.test.context.SpringBootTestContextBootstrapper - Neither @ContextConfiguration nor @ContextHierarchy found for test class [io.pivotal.pal.trackerapi.TimeEntryApiTest], using SpringBootContextLoader
21:06:55.013 [Test worker] DEBUG org.springframework.test.context.support.AbstractContextLoader - Did not detect default resource location for test class [io.pivotal.pal.trackerapi.TimeEntryApiTest]: class path resource [io/pivotal/pal/trackerapi/TimeEntryApiTest-context.xml] does not exist
21:06:55.014 [Test worker] DEBUG org.springframework.test.context.support.AbstractContextLoader - Did not detect default resource location for test class [io.pivotal.pal.trackerapi.TimeEntryApiTest]: class path resource [io/pivotal/pal/trackerapi/TimeEntryApiTestContext.groovy] does not exist
21:06:55.014 [Test worker] INFO org.springframework.test.context.support.AbstractContextLoader - Could not detect default resource locations for test class [io.pivotal.pal.trackerapi.TimeEntryApiTest]: no resource found for suffixes {-context.xml, Context.groovy}.
21:06:55.037 [Test worker] DEBUG org.springframework.test.context.support.ActiveProfilesUtils - Could not find an 'annotation declaring class' for annotation type [org.springframework.test.context.ActiveProfiles] and class [io.pivotal.pal.trackerapi.TimeEntryApiTest]
21:06:55.150 [Test worker] DEBUG org.springframework.boot.test.context.SpringBootTestContextBootstrapper - @TestExecutionListeners is not present for class [io.pivotal.pal.trackerapi.TimeEntryApiTest]: using defaults.
21:06:55.151 [Test worker] INFO org.springframework.boot.test.context.SpringBootTestContextBootstrapper - Loaded default TestExecutionListener class names from location [META-INF/spring.factories]: [org.springframework.boot.test.autoconfigure.restdocs.RestDocsTestExecutionListener, org.springframework.boot.test.autoconfigure.web.client.MockRestServiceServerResetTestExecutionListener, org.springframework.boot.test.autoconfigure.web.servlet.MockMvcPrintOnlyOnFailureTestExecutionListener, org.springframework.boot.test.autoconfigure.web.servlet.WebDriverTestExecutionListener, org.springframework.boot.test.mock.mockito.MockitoTestExecutionListener, org.springframework.boot.test.mock.mockito.ResetMocksTestExecutionListener, org.springframework.test.context.web.ServletTestExecutionListener, org.springframework.test.context.support.DirtiesContextBeforeModesTestExecutionListener, org.springframework.test.context.support.DependencyInjectionTestExecutionListener, org.springframework.test.context.support.DirtiesContextTestExecutionListener, org.springframework.test.context.transaction.TransactionalTestExecutionListener, org.springframework.test.context.jdbc.SqlScriptsTestExecutionListener, org.springframework.test.context.event.EventPublishingTestExecutionListener]
21:06:55.167 [Test worker] INFO org.springframework.boot.test.context.SpringBootTestContextBootstrapper - Using TestExecutionListeners: [org.springframework.test.context.web.ServletTestExecutionListener@67c62ca, org.springframework.test.context.support.DirtiesContextBeforeModesTestExecutionListener@9d61e3c, org.springframework.boot.test.mock.mockito.MockitoTestExecutionListener@4551a929, org.springframework.boot.test.autoconfigure.SpringBootDependencyInjectionTestExecutionListener@58317db7, org.springframework.test.context.support.DirtiesContextTestExecutionListener@3d3e3e49, org.springframework.test.context.transaction.TransactionalTestExecutionListener@4a0f02c, org.springframework.test.context.jdbc.SqlScriptsTestExecutionListener@4cf00970, org.springframework.test.context.event.EventPublishingTestExecutionListener@1f7f199c, org.springframework.boot.test.autoconfigure.restdocs.RestDocsTestExecutionListener@53ffa04c, org.springframework.boot.test.autoconfigure.web.client.MockRestServiceServerResetTestExecutionListener@50dd1b8f, org.springframework.boot.test.autoconfigure.web.servlet.MockMvcPrintOnlyOnFailureTestExecutionListener@1caa236d, org.springframework.boot.test.autoconfigure.web.servlet.WebDriverTestExecutionListener@7bfe7a9d, org.springframework.boot.test.mock.mockito.ResetMocksTestExecutionListener@55ad486e]
21:06:55.169 [Test worker] DEBUG org.springframework.test.context.support.AbstractDirtiesContextTestExecutionListener - Before test class: context [DefaultTestContext@50416b43 testClass = TimeEntryApiTest, testInstance = [null], testMethod = [null], testException = [null], mergedContextConfiguration = [WebMergedContextConfiguration@6ccb3115 testClass = TimeEntryApiTest, locations = '{}', classes = '{class io.pivotal.pal.tracker.PalTrackerApplication, class io.pivotal.pal.tracker.PalTrackerApplication}', contextInitializerClasses = '[]', activeProfiles = '{}', propertySourceLocations = '{}', propertySourceProperties = '{org.springframework.boot.test.context.SpringBootTestContextBootstrapper=true, server.port=0}', contextCustomizers = set[org.springframework.boot.test.autoconfigure.properties.PropertyMappingContextCustomizer@0, org.springframework.boot.test.autoconfigure.web.servlet.WebDriverContextCustomizerFactory$Customizer@43104087, org.springframework.boot.test.context.filter.ExcludeFilterContextCustomizer@2544c99d, org.springframework.boot.test.json.DuplicateJsonObjectContextCustomizerFactory$DuplicateJsonObjectContextCustomizer@5e6ff0dc, org.springframework.boot.test.mock.mockito.MockitoContextCustomizer@0, org.springframework.boot.test.web.client.TestRestTemplateContextCustomizer@11550099], resourceBasePath = 'src/main/webapp', contextLoader = 'org.springframework.boot.test.context.SpringBootContextLoader', parent = [null]], attributes = map['org.springframework.test.context.web.ServletTestExecutionListener.activateListener' -> false]], class annotated with @DirtiesContext [false] with mode [null].
21:06:55.181 [Test worker] DEBUG org.springframework.test.context.support.DependencyInjectionTestExecutionListener - Performing dependency injection for test context [[DefaultTestContext@50416b43 testClass = TimeEntryApiTest, testInstance = io.pivotal.pal.trackerapi.TimeEntryApiTest@684c53e0, testMethod = [null], testException = [null], mergedContextConfiguration = [WebMergedContextConfiguration@6ccb3115 testClass = TimeEntryApiTest, locations = '{}', classes = '{class io.pivotal.pal.tracker.PalTrackerApplication, class io.pivotal.pal.tracker.PalTrackerApplication}', contextInitializerClasses = '[]', activeProfiles = '{}', propertySourceLocations = '{}', propertySourceProperties = '{org.springframework.boot.test.context.SpringBootTestContextBootstrapper=true, server.port=0}', contextCustomizers = set[org.springframework.boot.test.autoconfigure.properties.PropertyMappingContextCustomizer@0, org.springframework.boot.test.autoconfigure.web.servlet.WebDriverContextCustomizerFactory$Customizer@43104087, org.springframework.boot.test.context.filter.ExcludeFilterContextCustomizer@2544c99d, org.springframework.boot.test.json.DuplicateJsonObjectContextCustomizerFactory$DuplicateJsonObjectContextCustomizer@5e6ff0dc, org.springframework.boot.test.mock.mockito.MockitoContextCustomizer@0, org.springframework.boot.test.web.client.TestRestTemplateContextCustomizer@11550099], resourceBasePath = 'src/main/webapp', contextLoader = 'org.springframework.boot.test.context.SpringBootContextLoader', parent = [null]], attributes = map['org.springframework.test.context.web.ServletTestExecutionListener.activateListener' -> false]]].
21:06:55.199 [Test worker] DEBUG org.springframework.test.context.support.TestPropertySourceUtils - Adding inlined properties to environment: {spring.jmx.enabled=false, org.springframework.boot.test.context.SpringBootTestContextBootstrapper=true, server.port=0}

  .   ____          _            __ _ _
 /\\ / ___'_ __ _ _(_)_ __  __ _ \ \ \ \
( ( )\___ | '_ | '_| | '_ \/ _` | \ \ \ \
 \\/  ___)| |_)| | | | | || (_| |  ) ) ) )
  '  |____| .__|_| |_|_| |_\__, | / / / /
 =========|_|==============|___/=/_/_/_/
 :: Spring Boot ::        (v2.2.2.RELEASE)

2020-03-29 21:07:00.523  INFO 2288 --- [    Test worker] i.p.pal.trackerapi.TimeEntryApiTest      : Starting TimeEntryApiTest on RABODEVOPS-7s-MacBook-Pro.local with PID 2288 (started by rabodevops-7 in /Users/rabodevops-7/Documents/StudyWorkSpace/pal-tracker)
2020-03-29 21:07:00.525  INFO 2288 --- [    Test worker] i.p.pal.trackerapi.TimeEntryApiTest      : No active profile set, falling back to default profiles: default
2020-03-29 21:07:01.772  INFO 2288 --- [    Test worker] trationDelegate$BeanPostProcessorChecker : Bean 'org.springframework.transaction.annotation.ProxyTransactionManagementConfiguration' of type [org.springframework.transaction.annotation.ProxyTransactionManagementConfiguration] is not eligible for getting processed by all BeanPostProcessors (for example: not eligible for auto-proxying)
2020-03-29 21:07:02.094  INFO 2288 --- [    Test worker] o.s.b.w.embedded.tomcat.TomcatWebServer  : Tomcat initialized with port(s): 0 (http)
2020-03-29 21:07:02.108  INFO 2288 --- [    Test worker] o.apache.catalina.core.StandardService   : Starting service [Tomcat]
2020-03-29 21:07:02.108  INFO 2288 --- [    Test worker] org.apache.catalina.core.StandardEngine  : Starting Servlet engine: [Apache Tomcat/9.0.29]
2020-03-29 21:07:02.211  INFO 2288 --- [    Test worker] o.a.c.c.C.[Tomcat].[localhost].[/]       : Initializing Spring embedded WebApplicationContext
2020-03-29 21:07:02.212  INFO 2288 --- [    Test worker] o.s.web.context.ContextLoader            : Root WebApplicationContext: initialization completed in 1664 ms
2020-03-29 21:07:03.161  INFO 2288 --- [    Test worker] o.s.s.concurrent.ThreadPoolTaskExecutor  : Initializing ExecutorService 'applicationTaskExecutor'
2020-03-29 21:07:03.646  INFO 2288 --- [    Test worker] o.s.b.a.e.web.EndpointLinksResolver      : Exposing 2 endpoint(s) beneath base path '/actuator'
2020-03-29 21:07:03.770  INFO 2288 --- [    Test worker] o.s.b.w.embedded.tomcat.TomcatWebServer  : Tomcat started on port(s): 50374 (http) with context path ''
2020-03-29 21:07:03.778  INFO 2288 --- [    Test worker] i.p.pal.trackerapi.TimeEntryApiTest      : Started TimeEntryApiTest in 8.574 seconds (JVM running for 9.682)
2020-03-29 21:07:05.003  INFO 2288 --- [o-auto-1-exec-1] o.a.c.c.C.[Tomcat].[localhost].[/]       : Initializing Spring DispatcherServlet 'dispatcherServlet'
2020-03-29 21:07:05.004  INFO 2288 --- [o-auto-1-exec-1] o.s.web.servlet.DispatcherServlet        : Initializing Servlet 'dispatcherServlet'
2020-03-29 21:07:05.028  INFO 2288 --- [o-auto-1-exec-1] o.s.web.servlet.DispatcherServlet        : Completed initialization in 24 ms
2020-03-29 21:07:05.086  INFO 2288 --- [o-auto-1-exec-1] com.zaxxer.hikari.HikariDataSource       : HikariPool-1 - Starting...
2020-03-29 21:07:05.118  INFO 2288 --- [o-auto-1-exec-1] com.zaxxer.hikari.HikariDataSource       : HikariPool-1 - Start completed.
]]></system-out>
  <system-err><![CDATA[]]></system-err>
</testsuite>
