<?xml version="1.0" encoding="UTF-8"?>
<testsuite name="io.pivotal.pal.trackerapi.TimeEntryApiTest" tests="5" skipped="0" failures="0" errors="0" timestamp="2020-03-29T15:10:08" hostname="RABODEVOPS-7s-MacBook-Pro.local" time="1.54">
  <properties/>
  <testcase name="testList()" classname="io.pivotal.pal.trackerapi.TimeEntryApiTest" time="1.14"/>
  <testcase name="testRead()" classname="io.pivotal.pal.trackerapi.TimeEntryApiTest" time="0.14"/>
  <testcase name="testCreate()" classname="io.pivotal.pal.trackerapi.TimeEntryApiTest" time="0.063"/>
  <testcase name="testDelete()" classname="io.pivotal.pal.trackerapi.TimeEntryApiTest" time="0.104"/>
  <testcase name="testUpdate()" classname="io.pivotal.pal.trackerapi.TimeEntryApiTest" time="0.082"/>
  <system-out><![CDATA[20:40:01.370 [Test worker] DEBUG org.springframework.test.context.BootstrapUtils - Instantiating CacheAwareContextLoaderDelegate from class [org.springframework.test.context.cache.DefaultCacheAwareContextLoaderDelegate]
20:40:01.381 [Test worker] DEBUG org.springframework.test.context.BootstrapUtils - Instantiating BootstrapContext using constructor [public org.springframework.test.context.support.DefaultBootstrapContext(java.lang.Class,org.springframework.test.context.CacheAwareContextLoaderDelegate)]
20:40:01.402 [Test worker] DEBUG org.springframework.test.context.BootstrapUtils - Instantiating TestContextBootstrapper for test class [io.pivotal.pal.trackerapi.TimeEntryApiTest] from class [org.springframework.boot.test.context.SpringBootTestContextBootstrapper]
20:40:01.414 [Test worker] INFO org.springframework.boot.test.context.SpringBootTestContextBootstrapper - Neither @ContextConfiguration nor @ContextHierarchy found for test class [io.pivotal.pal.trackerapi.TimeEntryApiTest], using SpringBootContextLoader
20:40:01.416 [Test worker] DEBUG org.springframework.test.context.support.AbstractContextLoader - Did not detect default resource location for test class [io.pivotal.pal.trackerapi.TimeEntryApiTest]: class path resource [io/pivotal/pal/trackerapi/TimeEntryApiTest-context.xml] does not exist
20:40:01.417 [Test worker] DEBUG org.springframework.test.context.support.AbstractContextLoader - Did not detect default resource location for test class [io.pivotal.pal.trackerapi.TimeEntryApiTest]: class path resource [io/pivotal/pal/trackerapi/TimeEntryApiTestContext.groovy] does not exist
20:40:01.417 [Test worker] INFO org.springframework.test.context.support.AbstractContextLoader - Could not detect default resource locations for test class [io.pivotal.pal.trackerapi.TimeEntryApiTest]: no resource found for suffixes {-context.xml, Context.groovy}.
20:40:01.440 [Test worker] DEBUG org.springframework.test.context.support.ActiveProfilesUtils - Could not find an 'annotation declaring class' for annotation type [org.springframework.test.context.ActiveProfiles] and class [io.pivotal.pal.trackerapi.TimeEntryApiTest]
20:40:01.517 [Test worker] DEBUG org.springframework.boot.test.context.SpringBootTestContextBootstrapper - @TestExecutionListeners is not present for class [io.pivotal.pal.trackerapi.TimeEntryApiTest]: using defaults.
20:40:01.517 [Test worker] INFO org.springframework.boot.test.context.SpringBootTestContextBootstrapper - Loaded default TestExecutionListener class names from location [META-INF/spring.factories]: [org.springframework.boot.test.autoconfigure.restdocs.RestDocsTestExecutionListener, org.springframework.boot.test.autoconfigure.web.client.MockRestServiceServerResetTestExecutionListener, org.springframework.boot.test.autoconfigure.web.servlet.MockMvcPrintOnlyOnFailureTestExecutionListener, org.springframework.boot.test.autoconfigure.web.servlet.WebDriverTestExecutionListener, org.springframework.boot.test.mock.mockito.MockitoTestExecutionListener, org.springframework.boot.test.mock.mockito.ResetMocksTestExecutionListener, org.springframework.test.context.web.ServletTestExecutionListener, org.springframework.test.context.support.DirtiesContextBeforeModesTestExecutionListener, org.springframework.test.context.support.DependencyInjectionTestExecutionListener, org.springframework.test.context.support.DirtiesContextTestExecutionListener, org.springframework.test.context.transaction.TransactionalTestExecutionListener, org.springframework.test.context.jdbc.SqlScriptsTestExecutionListener, org.springframework.test.context.event.EventPublishingTestExecutionListener]
20:40:01.526 [Test worker] INFO org.springframework.boot.test.context.SpringBootTestContextBootstrapper - Using TestExecutionListeners: [org.springframework.test.context.web.ServletTestExecutionListener@4681138, org.springframework.test.context.support.DirtiesContextBeforeModesTestExecutionListener@551e6fa6, org.springframework.boot.test.mock.mockito.MockitoTestExecutionListener@e81ee, org.springframework.boot.test.autoconfigure.SpringBootDependencyInjectionTestExecutionListener@60c0198f, org.springframework.test.context.support.DirtiesContextTestExecutionListener@24e5357e, org.springframework.test.context.transaction.TransactionalTestExecutionListener@2200d1b, org.springframework.test.context.jdbc.SqlScriptsTestExecutionListener@7655ed40, org.springframework.test.context.event.EventPublishingTestExecutionListener@16b99e64, org.springframework.boot.test.autoconfigure.restdocs.RestDocsTestExecutionListener@1bfa1708, org.springframework.boot.test.autoconfigure.web.client.MockRestServiceServerResetTestExecutionListener@193089b9, org.springframework.boot.test.autoconfigure.web.servlet.MockMvcPrintOnlyOnFailureTestExecutionListener@40564832, org.springframework.boot.test.autoconfigure.web.servlet.WebDriverTestExecutionListener@1ac6a4e2, org.springframework.boot.test.mock.mockito.ResetMocksTestExecutionListener@514fb2e5]
20:40:01.529 [Test worker] DEBUG org.springframework.test.context.support.AbstractDirtiesContextTestExecutionListener - Before test class: context [DefaultTestContext@19c37cff testClass = TimeEntryApiTest, testInstance = [null], testMethod = [null], testException = [null], mergedContextConfiguration = [WebMergedContextConfiguration@5eacd137 testClass = TimeEntryApiTest, locations = '{}', classes = '{class io.pivotal.pal.tracker.PalTrackerApplication, class io.pivotal.pal.tracker.PalTrackerApplication}', contextInitializerClasses = '[]', activeProfiles = '{}', propertySourceLocations = '{}', propertySourceProperties = '{org.springframework.boot.test.context.SpringBootTestContextBootstrapper=true, server.port=0}', contextCustomizers = set[org.springframework.boot.test.autoconfigure.properties.PropertyMappingContextCustomizer@0, org.springframework.boot.test.autoconfigure.web.servlet.WebDriverContextCustomizerFactory$Customizer@55e2eeb7, org.springframework.boot.test.context.filter.ExcludeFilterContextCustomizer@7dc9ba9f, org.springframework.boot.test.json.DuplicateJsonObjectContextCustomizerFactory$DuplicateJsonObjectContextCustomizer@23ee1998, org.springframework.boot.test.mock.mockito.MockitoContextCustomizer@0, org.springframework.boot.test.web.client.TestRestTemplateContextCustomizer@1e94480e], resourceBasePath = 'src/main/webapp', contextLoader = 'org.springframework.boot.test.context.SpringBootContextLoader', parent = [null]], attributes = map['org.springframework.test.context.web.ServletTestExecutionListener.activateListener' -> false]], class annotated with @DirtiesContext [false] with mode [null].
20:40:01.538 [Test worker] DEBUG org.springframework.test.context.support.DependencyInjectionTestExecutionListener - Performing dependency injection for test context [[DefaultTestContext@19c37cff testClass = TimeEntryApiTest, testInstance = io.pivotal.pal.trackerapi.TimeEntryApiTest@466323f1, testMethod = [null], testException = [null], mergedContextConfiguration = [WebMergedContextConfiguration@5eacd137 testClass = TimeEntryApiTest, locations = '{}', classes = '{class io.pivotal.pal.tracker.PalTrackerApplication, class io.pivotal.pal.tracker.PalTrackerApplication}', contextInitializerClasses = '[]', activeProfiles = '{}', propertySourceLocations = '{}', propertySourceProperties = '{org.springframework.boot.test.context.SpringBootTestContextBootstrapper=true, server.port=0}', contextCustomizers = set[org.springframework.boot.test.autoconfigure.properties.PropertyMappingContextCustomizer@0, org.springframework.boot.test.autoconfigure.web.servlet.WebDriverContextCustomizerFactory$Customizer@55e2eeb7, org.springframework.boot.test.context.filter.ExcludeFilterContextCustomizer@7dc9ba9f, org.springframework.boot.test.json.DuplicateJsonObjectContextCustomizerFactory$DuplicateJsonObjectContextCustomizer@23ee1998, org.springframework.boot.test.mock.mockito.MockitoContextCustomizer@0, org.springframework.boot.test.web.client.TestRestTemplateContextCustomizer@1e94480e], resourceBasePath = 'src/main/webapp', contextLoader = 'org.springframework.boot.test.context.SpringBootContextLoader', parent = [null]], attributes = map['org.springframework.test.context.web.ServletTestExecutionListener.activateListener' -> false]]].
20:40:01.554 [Test worker] DEBUG org.springframework.test.context.support.TestPropertySourceUtils - Adding inlined properties to environment: {spring.jmx.enabled=false, org.springframework.boot.test.context.SpringBootTestContextBootstrapper=true, server.port=0}

  .   ____          _            __ _ _
 /\\ / ___'_ __ _ _(_)_ __  __ _ \ \ \ \
( ( )\___ | '_ | '_| | '_ \/ _` | \ \ \ \
 \\/  ___)| |_)| | | | | || (_| |  ) ) ) )
  '  |____| .__|_| |_|_| |_\__, | / / / /
 =========|_|==============|___/=/_/_/_/
 :: Spring Boot ::        (v2.2.2.RELEASE)

2020-03-29 20:40:06.791  INFO 1418 --- [    Test worker] i.p.pal.trackerapi.TimeEntryApiTest      : Starting TimeEntryApiTest on RABODEVOPS-7s-MacBook-Pro.local with PID 1418 (started by rabodevops-7 in /Users/rabodevops-7/Documents/StudyWorkSpace/pal-tracker)
2020-03-29 20:40:06.792  INFO 1418 --- [    Test worker] i.p.pal.trackerapi.TimeEntryApiTest      : No active profile set, falling back to default profiles: default
2020-03-29 20:40:07.745  INFO 1418 --- [    Test worker] o.s.b.w.embedded.tomcat.TomcatWebServer  : Tomcat initialized with port(s): 0 (http)
2020-03-29 20:40:07.754  INFO 1418 --- [    Test worker] o.apache.catalina.core.StandardService   : Starting service [Tomcat]
2020-03-29 20:40:07.755  INFO 1418 --- [    Test worker] org.apache.catalina.core.StandardEngine  : Starting Servlet engine: [Apache Tomcat/9.0.29]
2020-03-29 20:40:07.837  INFO 1418 --- [    Test worker] o.a.c.c.C.[Tomcat].[localhost].[/]       : Initializing Spring embedded WebApplicationContext
2020-03-29 20:40:07.838  INFO 1418 --- [    Test worker] o.s.web.context.ContextLoader            : Root WebApplicationContext: initialization completed in 1031 ms
2020-03-29 20:40:08.381  INFO 1418 --- [    Test worker] o.s.s.concurrent.ThreadPoolTaskExecutor  : Initializing ExecutorService 'applicationTaskExecutor'
2020-03-29 20:40:08.737  INFO 1418 --- [    Test worker] o.s.b.w.embedded.tomcat.TomcatWebServer  : Tomcat started on port(s): 49798 (http) with context path ''
2020-03-29 20:40:08.743  INFO 1418 --- [    Test worker] i.p.pal.trackerapi.TimeEntryApiTest      : Started TimeEntryApiTest in 7.185 seconds (JVM running for 8.111)
2020-03-29 20:40:09.495  INFO 1418 --- [o-auto-1-exec-1] o.a.c.c.C.[Tomcat].[localhost].[/]       : Initializing Spring DispatcherServlet 'dispatcherServlet'
2020-03-29 20:40:09.495  INFO 1418 --- [o-auto-1-exec-1] o.s.web.servlet.DispatcherServlet        : Initializing Servlet 'dispatcherServlet'
2020-03-29 20:40:09.510  INFO 1418 --- [o-auto-1-exec-1] o.s.web.servlet.DispatcherServlet        : Completed initialization in 15 ms
2020-03-29 20:40:09.563  INFO 1418 --- [o-auto-1-exec-1] com.zaxxer.hikari.HikariDataSource       : HikariPool-1 - Starting...
2020-03-29 20:40:09.595  INFO 1418 --- [o-auto-1-exec-1] com.zaxxer.hikari.HikariDataSource       : HikariPool-1 - Start completed.
]]></system-out>
  <system-err><![CDATA[]]></system-err>
</testsuite>
