<?xml version="1.0" encoding="UTF-8"?>
<testsuite name="io.pivotal.pal.tracker.TimeEntryControllerTest" tests="7" skipped="0" failures="0" errors="0" timestamp="2020-03-29T15:10:10" hostname="RABODEVOPS-7s-MacBook-Pro.local" time="0.592">
  <properties/>
  <testcase name="testList()" classname="io.pivotal.pal.tracker.TimeEntryControllerTest" time="0.509"/>
  <testcase name="testRead()" classname="io.pivotal.pal.tracker.TimeEntryControllerTest" time="0.006"/>
  <testcase name="testRead_NotFound()" classname="io.pivotal.pal.tracker.TimeEntryControllerTest" time="0.017"/>
  <testcase name="testUpdate_NotFound()" classname="io.pivotal.pal.tracker.TimeEntryControllerTest" time="0.006"/>
  <testcase name="testCreate()" classname="io.pivotal.pal.tracker.TimeEntryControllerTest" time="0.014"/>
  <testcase name="testDelete()" classname="io.pivotal.pal.tracker.TimeEntryControllerTest" time="0.001"/>
  <testcase name="testUpdate()" classname="io.pivotal.pal.tracker.TimeEntryControllerTest" time="0.01"/>
  <system-out><![CDATA[]]></system-out>
  <system-err><![CDATA[]]></system-err>
</testsuite>
