<?xml version="1.0" encoding="UTF-8"?>
<testsuite name="io.pivotal.pal.tracker.JdbcTimeEntryRepositoryTest" tests="8" skipped="0" failures="0" errors="0" timestamp="2020-03-30T05:38:34" hostname="RABODEVOPS-7s-MacBook-Pro.local" time="0.098">
  <properties/>
  <testcase name="updateReturnsTheUpdatedRecord()" classname="io.pivotal.pal.tracker.JdbcTimeEntryRepositoryTest" time="0.016"/>
  <testcase name="createReturnsTheCreatedTimeEntry()" classname="io.pivotal.pal.tracker.JdbcTimeEntryRepositoryTest" time="0.013"/>
  <testcase name="findReturnsNullWhenNotFound()" classname="io.pivotal.pal.tracker.JdbcTimeEntryRepositoryTest" time="0.005"/>
  <testcase name="createInsertsATimeEntryRecord()" classname="io.pivotal.pal.tracker.JdbcTimeEntryRepositoryTest" time="0.011"/>
  <testcase name="deleteRemovesTheRecord()" classname="io.pivotal.pal.tracker.JdbcTimeEntryRepositoryTest" time="0.012"/>
  <testcase name="updateUpdatesTheRecord()" classname="io.pivotal.pal.tracker.JdbcTimeEntryRepositoryTest" time="0.018"/>
  <testcase name="findFindsATimeEntry()" classname="io.pivotal.pal.tracker.JdbcTimeEntryRepositoryTest" time="0.009"/>
  <testcase name="listFindsAllTimeEntries()" classname="io.pivotal.pal.tracker.JdbcTimeEntryRepositoryTest" time="0.011"/>
  <system-out><![CDATA[]]></system-out>
  <system-err><![CDATA[]]></system-err>
</testsuite>
