<?xml version="1.0" encoding="UTF-8"?>
<testsuite name="io.pivotal.pal.tracker.JdbcTimeEntryRepositoryTest" tests="8" skipped="0" failures="0" errors="0" timestamp="2020-03-30T04:04:49" hostname="RABODEVOPS-7s-MacBook-Pro.local" time="0.127">
  <properties/>
  <testcase name="updateReturnsTheUpdatedRecord()" classname="io.pivotal.pal.tracker.JdbcTimeEntryRepositoryTest" time="0.023"/>
  <testcase name="createReturnsTheCreatedTimeEntry()" classname="io.pivotal.pal.tracker.JdbcTimeEntryRepositoryTest" time="0.01"/>
  <testcase name="findReturnsNullWhenNotFound()" classname="io.pivotal.pal.tracker.JdbcTimeEntryRepositoryTest" time="0.007"/>
  <testcase name="createInsertsATimeEntryRecord()" classname="io.pivotal.pal.tracker.JdbcTimeEntryRepositoryTest" time="0.021"/>
  <testcase name="deleteRemovesTheRecord()" classname="io.pivotal.pal.tracker.JdbcTimeEntryRepositoryTest" time="0.022"/>
  <testcase name="updateUpdatesTheRecord()" classname="io.pivotal.pal.tracker.JdbcTimeEntryRepositoryTest" time="0.012"/>
  <testcase name="findFindsATimeEntry()" classname="io.pivotal.pal.tracker.JdbcTimeEntryRepositoryTest" time="0.008"/>
  <testcase name="listFindsAllTimeEntries()" classname="io.pivotal.pal.tracker.JdbcTimeEntryRepositoryTest" time="0.016"/>
  <system-out><![CDATA[]]></system-out>
  <system-err><![CDATA[]]></system-err>
</testsuite>
