<?xml version="1.0" encoding="UTF-8"?>
<testsuite name="io.pivotal.pal.trackerapi.TimeEntryApiTest" tests="5" skipped="0" failures="0" errors="0" timestamp="2020-03-30T03:52:29" hostname="RABODEVOPS-7s-MacBook-Pro.local" time="1.616">
  <properties/>
  <testcase name="testList()" classname="io.pivotal.pal.trackerapi.TimeEntryApiTest" time="1.285"/>
  <testcase name="testRead()" classname="io.pivotal.pal.trackerapi.TimeEntryApiTest" time="0.09"/>
  <testcase name="testCreate()" classname="io.pivotal.pal.trackerapi.TimeEntryApiTest" time="0.072"/>
  <testcase name="testDelete()" classname="io.pivotal.pal.trackerapi.TimeEntryApiTest" time="0.097"/>
  <testcase name="testUpdate()" classname="io.pivotal.pal.trackerapi.TimeEntryApiTest" time="0.058"/>
  <system-out><![CDATA[09:22:19.999 [Test worker] DEBUG org.springframework.test.context.BootstrapUtils - Instantiating CacheAwareContextLoaderDelegate from class [org.springframework.test.context.cache.DefaultCacheAwareContextLoaderDelegate]
09:22:20.014 [Test worker] DEBUG org.springframework.test.context.BootstrapUtils - Instantiating BootstrapContext using constructor [public org.springframework.test.context.support.DefaultBootstrapContext(java.lang.Class,org.springframework.test.context.CacheAwareContextLoaderDelegate)]
09:22:20.037 [Test worker] DEBUG org.springframework.test.context.BootstrapUtils - Instantiating TestContextBootstrapper for test class [io.pivotal.pal.trackerapi.TimeEntryApiTest] from class [org.springframework.boot.test.context.SpringBootTestContextBootstrapper]
09:22:20.050 [Test worker] INFO org.springframework.boot.test.context.SpringBootTestContextBootstrapper - Neither @ContextConfiguration nor @ContextHierarchy found for test class [io.pivotal.pal.trackerapi.TimeEntryApiTest], using SpringBootContextLoader
09:22:20.052 [Test worker] DEBUG org.springframework.test.context.support.AbstractContextLoader - Did not detect default resource location for test class [io.pivotal.pal.trackerapi.TimeEntryApiTest]: class path resource [io/pivotal/pal/trackerapi/TimeEntryApiTest-context.xml] does not exist
09:22:20.053 [Test worker] DEBUG org.springframework.test.context.support.AbstractContextLoader - Did not detect default resource location for test class [io.pivotal.pal.trackerapi.TimeEntryApiTest]: class path resource [io/pivotal/pal/trackerapi/TimeEntryApiTestContext.groovy] does not exist
09:22:20.053 [Test worker] INFO org.springframework.test.context.support.AbstractContextLoader - Could not detect default resource locations for test class [io.pivotal.pal.trackerapi.TimeEntryApiTest]: no resource found for suffixes {-context.xml, Context.groovy}.
09:22:20.086 [Test worker] DEBUG org.springframework.test.context.support.ActiveProfilesUtils - Could not find an 'annotation declaring class' for annotation type [org.springframework.test.context.ActiveProfiles] and class [io.pivotal.pal.trackerapi.TimeEntryApiTest]
09:22:20.201 [Test worker] DEBUG org.springframework.boot.test.context.SpringBootTestContextBootstrapper - @TestExecutionListeners is not present for class [io.pivotal.pal.trackerapi.TimeEntryApiTest]: using defaults.
09:22:20.202 [Test worker] INFO org.springframework.boot.test.context.SpringBootTestContextBootstrapper - Loaded default TestExecutionListener class names from location [META-INF/spring.factories]: [org.springframework.boot.test.autoconfigure.restdocs.RestDocsTestExecutionListener, org.springframework.boot.test.autoconfigure.web.client.MockRestServiceServerResetTestExecutionListener, org.springframework.boot.test.autoconfigure.web.servlet.MockMvcPrintOnlyOnFailureTestExecutionListener, org.springframework.boot.test.autoconfigure.web.servlet.WebDriverTestExecutionListener, org.springframework.boot.test.mock.mockito.MockitoTestExecutionListener, org.springframework.boot.test.mock.mockito.ResetMocksTestExecutionListener, org.springframework.test.context.web.ServletTestExecutionListener, org.springframework.test.context.support.DirtiesContextBeforeModesTestExecutionListener, org.springframework.test.context.support.DependencyInjectionTestExecutionListener, org.springframework.test.context.support.DirtiesContextTestExecutionListener, org.springframework.test.context.transaction.TransactionalTestExecutionListener, org.springframework.test.context.jdbc.SqlScriptsTestExecutionListener, org.springframework.test.context.event.EventPublishingTestExecutionListener]
09:22:20.216 [Test worker] INFO org.springframework.boot.test.context.SpringBootTestContextBootstrapper - Using TestExecutionListeners: [org.springframework.test.context.web.ServletTestExecutionListener@2200d1b, org.springframework.test.context.support.DirtiesContextBeforeModesTestExecutionListener@7655ed40, org.springframework.boot.test.mock.mockito.MockitoTestExecutionListener@16b99e64, org.springframework.boot.test.autoconfigure.SpringBootDependencyInjectionTestExecutionListener@1bfa1708, org.springframework.test.context.support.DirtiesContextTestExecutionListener@193089b9, org.springframework.test.context.transaction.TransactionalTestExecutionListener@40564832, org.springframework.test.context.jdbc.SqlScriptsTestExecutionListener@1ac6a4e2, org.springframework.test.context.event.EventPublishingTestExecutionListener@514fb2e5, org.springframework.boot.test.autoconfigure.restdocs.RestDocsTestExecutionListener@4c2f9434, org.springframework.boot.test.autoconfigure.web.client.MockRestServiceServerResetTestExecutionListener@3e4a425b, org.springframework.boot.test.autoconfigure.web.servlet.MockMvcPrintOnlyOnFailureTestExecutionListener@118400c4, org.springframework.boot.test.autoconfigure.web.servlet.WebDriverTestExecutionListener@3df0508b, org.springframework.boot.test.mock.mockito.ResetMocksTestExecutionListener@dceed35]
09:22:20.219 [Test worker] DEBUG org.springframework.test.context.support.AbstractDirtiesContextTestExecutionListener - Before test class: context [DefaultTestContext@4380bdff testClass = TimeEntryApiTest, testInstance = [null], testMethod = [null], testException = [null], mergedContextConfiguration = [WebMergedContextConfiguration@5a8902ee testClass = TimeEntryApiTest, locations = '{}', classes = '{class io.pivotal.pal.tracker.PalTrackerApplication, class io.pivotal.pal.tracker.PalTrackerApplication}', contextInitializerClasses = '[]', activeProfiles = '{}', propertySourceLocations = '{}', propertySourceProperties = '{org.springframework.boot.test.context.SpringBootTestContextBootstrapper=true, server.port=0}', contextCustomizers = set[org.springframework.boot.test.autoconfigure.properties.PropertyMappingContextCustomizer@0, org.springframework.boot.test.autoconfigure.web.servlet.WebDriverContextCustomizerFactory$Customizer@5a5a4820, org.springframework.boot.test.context.filter.ExcludeFilterContextCustomizer@31093e98, org.springframework.boot.test.json.DuplicateJsonObjectContextCustomizerFactory$DuplicateJsonObjectContextCustomizer@1bccacb, org.springframework.boot.test.mock.mockito.MockitoContextCustomizer@0, org.springframework.boot.test.web.client.TestRestTemplateContextCustomizer@3a762e7b], resourceBasePath = 'src/main/webapp', contextLoader = 'org.springframework.boot.test.context.SpringBootContextLoader', parent = [null]], attributes = map['org.springframework.test.context.web.ServletTestExecutionListener.activateListener' -> false]], class annotated with @DirtiesContext [false] with mode [null].
09:22:20.236 [Test worker] DEBUG org.springframework.test.context.support.DependencyInjectionTestExecutionListener - Performing dependency injection for test context [[DefaultTestContext@4380bdff testClass = TimeEntryApiTest, testInstance = io.pivotal.pal.trackerapi.TimeEntryApiTest@6f1dfdf1, testMethod = [null], testException = [null], mergedContextConfiguration = [WebMergedContextConfiguration@5a8902ee testClass = TimeEntryApiTest, locations = '{}', classes = '{class io.pivotal.pal.tracker.PalTrackerApplication, class io.pivotal.pal.tracker.PalTrackerApplication}', contextInitializerClasses = '[]', activeProfiles = '{}', propertySourceLocations = '{}', propertySourceProperties = '{org.springframework.boot.test.context.SpringBootTestContextBootstrapper=true, server.port=0}', contextCustomizers = set[org.springframework.boot.test.autoconfigure.properties.PropertyMappingContextCustomizer@0, org.springframework.boot.test.autoconfigure.web.servlet.WebDriverContextCustomizerFactory$Customizer@5a5a4820, org.springframework.boot.test.context.filter.ExcludeFilterContextCustomizer@31093e98, org.springframework.boot.test.json.DuplicateJsonObjectContextCustomizerFactory$DuplicateJsonObjectContextCustomizer@1bccacb, org.springframework.boot.test.mock.mockito.MockitoContextCustomizer@0, org.springframework.boot.test.web.client.TestRestTemplateContextCustomizer@3a762e7b], resourceBasePath = 'src/main/webapp', contextLoader = 'org.springframework.boot.test.context.SpringBootContextLoader', parent = [null]], attributes = map['org.springframework.test.context.web.ServletTestExecutionListener.activateListener' -> false]]].
09:22:20.267 [Test worker] DEBUG org.springframework.test.context.support.TestPropertySourceUtils - Adding inlined properties to environment: {spring.jmx.enabled=false, org.springframework.boot.test.context.SpringBootTestContextBootstrapper=true, server.port=0}

  .   ____          _            __ _ _
 /\\ / ___'_ __ _ _(_)_ __  __ _ \ \ \ \
( ( )\___ | '_ | '_| | '_ \/ _` | \ \ \ \
 \\/  ___)| |_)| | | | | || (_| |  ) ) ) )
  '  |____| .__|_| |_|_| |_\__, | / / / /
 =========|_|==============|___/=/_/_/_/
 :: Spring Boot ::        (v2.2.2.RELEASE)

2020-03-30 09:22:25.522  INFO 699 --- [    Test worker] i.p.pal.trackerapi.TimeEntryApiTest      : Starting TimeEntryApiTest on RABODEVOPS-7s-MacBook-Pro.local with PID 699 (started by rabodevops-7 in /Users/rabodevops-7/Documents/StudyWorkSpace/pal-tracker)
2020-03-30 09:22:25.524  INFO 699 --- [    Test worker] i.p.pal.trackerapi.TimeEntryApiTest      : No active profile set, falling back to default profiles: default
2020-03-30 09:22:27.253  INFO 699 --- [    Test worker] trationDelegate$BeanPostProcessorChecker : Bean 'org.springframework.transaction.annotation.ProxyTransactionManagementConfiguration' of type [org.springframework.transaction.annotation.ProxyTransactionManagementConfiguration] is not eligible for getting processed by all BeanPostProcessors (for example: not eligible for auto-proxying)
2020-03-30 09:22:27.603  INFO 699 --- [    Test worker] o.s.b.w.embedded.tomcat.TomcatWebServer  : Tomcat initialized with port(s): 0 (http)
2020-03-30 09:22:27.614  INFO 699 --- [    Test worker] o.apache.catalina.core.StandardService   : Starting service [Tomcat]
2020-03-30 09:22:27.615  INFO 699 --- [    Test worker] org.apache.catalina.core.StandardEngine  : Starting Servlet engine: [Apache Tomcat/9.0.29]
2020-03-30 09:22:27.729  INFO 699 --- [    Test worker] o.a.c.c.C.[Tomcat].[localhost].[/]       : Initializing Spring embedded WebApplicationContext
2020-03-30 09:22:27.729  INFO 699 --- [    Test worker] o.s.web.context.ContextLoader            : Root WebApplicationContext: initialization completed in 2187 ms
2020-03-30 09:22:28.703  INFO 699 --- [    Test worker] o.s.s.concurrent.ThreadPoolTaskExecutor  : Initializing ExecutorService 'applicationTaskExecutor'
2020-03-30 09:22:29.339  INFO 699 --- [    Test worker] o.s.b.a.e.web.EndpointLinksResolver      : Exposing 2 endpoint(s) beneath base path '/actuator'
2020-03-30 09:22:29.499  INFO 699 --- [    Test worker] o.s.b.w.embedded.tomcat.TomcatWebServer  : Tomcat started on port(s): 49547 (http) with context path ''
2020-03-30 09:22:29.510  INFO 699 --- [    Test worker] i.p.pal.trackerapi.TimeEntryApiTest      : Started TimeEntryApiTest in 9.235 seconds (JVM running for 10.249)
2020-03-30 09:22:30.509  INFO 699 --- [o-auto-1-exec-1] o.a.c.c.C.[Tomcat].[localhost].[/]       : Initializing Spring DispatcherServlet 'dispatcherServlet'
2020-03-30 09:22:30.509  INFO 699 --- [o-auto-1-exec-1] o.s.web.servlet.DispatcherServlet        : Initializing Servlet 'dispatcherServlet'
2020-03-30 09:22:30.535  INFO 699 --- [o-auto-1-exec-1] o.s.web.servlet.DispatcherServlet        : Completed initialization in 25 ms
2020-03-30 09:22:30.590  INFO 699 --- [o-auto-1-exec-1] com.zaxxer.hikari.HikariDataSource       : HikariPool-1 - Starting...
2020-03-30 09:22:30.611  INFO 699 --- [o-auto-1-exec-1] com.zaxxer.hikari.HikariDataSource       : HikariPool-1 - Start completed.
]]></system-out>
  <system-err><![CDATA[]]></system-err>
</testsuite>
