<?xml version="1.0" encoding="UTF-8"?>
<testsuite name="io.pivotal.pal.trackerapi.TimeEntryApiTest" tests="5" skipped="0" failures="0" errors="0" timestamp="2020-03-29T15:28:21" hostname="RABODEVOPS-7s-MacBook-Pro.local" time="1.031">
  <properties/>
  <testcase name="testList()" classname="io.pivotal.pal.trackerapi.TimeEntryApiTest" time="0.928"/>
  <testcase name="testRead()" classname="io.pivotal.pal.trackerapi.TimeEntryApiTest" time="0.032"/>
  <testcase name="testCreate()" classname="io.pivotal.pal.trackerapi.TimeEntryApiTest" time="0.02"/>
  <testcase name="testDelete()" classname="io.pivotal.pal.trackerapi.TimeEntryApiTest" time="0.027"/>
  <testcase name="testUpdate()" classname="io.pivotal.pal.trackerapi.TimeEntryApiTest" time="0.022"/>
  <system-out><![CDATA[20:58:13.224 [Test worker] DEBUG org.springframework.test.context.BootstrapUtils - Instantiating CacheAwareContextLoaderDelegate from class [org.springframework.test.context.cache.DefaultCacheAwareContextLoaderDelegate]
20:58:13.238 [Test worker] DEBUG org.springframework.test.context.BootstrapUtils - Instantiating BootstrapContext using constructor [public org.springframework.test.context.support.DefaultBootstrapContext(java.lang.Class,org.springframework.test.context.CacheAwareContextLoaderDelegate)]
20:58:13.262 [Test worker] DEBUG org.springframework.test.context.BootstrapUtils - Instantiating TestContextBootstrapper for test class [io.pivotal.pal.trackerapi.TimeEntryApiTest] from class [org.springframework.boot.test.context.SpringBootTestContextBootstrapper]
20:58:13.275 [Test worker] INFO org.springframework.boot.test.context.SpringBootTestContextBootstrapper - Neither @ContextConfiguration nor @ContextHierarchy found for test class [io.pivotal.pal.trackerapi.TimeEntryApiTest], using SpringBootContextLoader
20:58:13.278 [Test worker] DEBUG org.springframework.test.context.support.AbstractContextLoader - Did not detect default resource location for test class [io.pivotal.pal.trackerapi.TimeEntryApiTest]: class path resource [io/pivotal/pal/trackerapi/TimeEntryApiTest-context.xml] does not exist
20:58:13.278 [Test worker] DEBUG org.springframework.test.context.support.AbstractContextLoader - Did not detect default resource location for test class [io.pivotal.pal.trackerapi.TimeEntryApiTest]: class path resource [io/pivotal/pal/trackerapi/TimeEntryApiTestContext.groovy] does not exist
20:58:13.279 [Test worker] INFO org.springframework.test.context.support.AbstractContextLoader - Could not detect default resource locations for test class [io.pivotal.pal.trackerapi.TimeEntryApiTest]: no resource found for suffixes {-context.xml, Context.groovy}.
20:58:13.303 [Test worker] DEBUG org.springframework.test.context.support.ActiveProfilesUtils - Could not find an 'annotation declaring class' for annotation type [org.springframework.test.context.ActiveProfiles] and class [io.pivotal.pal.trackerapi.TimeEntryApiTest]
20:58:13.404 [Test worker] DEBUG org.springframework.boot.test.context.SpringBootTestContextBootstrapper - @TestExecutionListeners is not present for class [io.pivotal.pal.trackerapi.TimeEntryApiTest]: using defaults.
20:58:13.404 [Test worker] INFO org.springframework.boot.test.context.SpringBootTestContextBootstrapper - Loaded default TestExecutionListener class names from location [META-INF/spring.factories]: [org.springframework.boot.test.autoconfigure.restdocs.RestDocsTestExecutionListener, org.springframework.boot.test.autoconfigure.web.client.MockRestServiceServerResetTestExecutionListener, org.springframework.boot.test.autoconfigure.web.servlet.MockMvcPrintOnlyOnFailureTestExecutionListener, org.springframework.boot.test.autoconfigure.web.servlet.WebDriverTestExecutionListener, org.springframework.boot.test.mock.mockito.MockitoTestExecutionListener, org.springframework.boot.test.mock.mockito.ResetMocksTestExecutionListener, org.springframework.test.context.web.ServletTestExecutionListener, org.springframework.test.context.support.DirtiesContextBeforeModesTestExecutionListener, org.springframework.test.context.support.DependencyInjectionTestExecutionListener, org.springframework.test.context.support.DirtiesContextTestExecutionListener, org.springframework.test.context.transaction.TransactionalTestExecutionListener, org.springframework.test.context.jdbc.SqlScriptsTestExecutionListener, org.springframework.test.context.event.EventPublishingTestExecutionListener]
20:58:13.414 [Test worker] INFO org.springframework.boot.test.context.SpringBootTestContextBootstrapper - Using TestExecutionListeners: [org.springframework.test.context.web.ServletTestExecutionListener@33346012, org.springframework.test.context.support.DirtiesContextBeforeModesTestExecutionListener@18caaf7, org.springframework.boot.test.mock.mockito.MockitoTestExecutionListener@11493b32, org.springframework.boot.test.autoconfigure.SpringBootDependencyInjectionTestExecutionListener@a5b0606, org.springframework.test.context.support.DirtiesContextTestExecutionListener@1affc3af, org.springframework.test.context.transaction.TransactionalTestExecutionListener@7ec01915, org.springframework.test.context.jdbc.SqlScriptsTestExecutionListener@26882d54, org.springframework.test.context.event.EventPublishingTestExecutionListener@743164b5, org.springframework.boot.test.autoconfigure.restdocs.RestDocsTestExecutionListener@10b73327, org.springframework.boot.test.autoconfigure.web.client.MockRestServiceServerResetTestExecutionListener@6ec18895, org.springframework.boot.test.autoconfigure.web.servlet.MockMvcPrintOnlyOnFailureTestExecutionListener@9c4ea94, org.springframework.boot.test.autoconfigure.web.servlet.WebDriverTestExecutionListener@762f23d5, org.springframework.boot.test.mock.mockito.ResetMocksTestExecutionListener@5fa8083c]
20:58:13.416 [Test worker] DEBUG org.springframework.test.context.support.AbstractDirtiesContextTestExecutionListener - Before test class: context [DefaultTestContext@7c66a1c5 testClass = TimeEntryApiTest, testInstance = [null], testMethod = [null], testException = [null], mergedContextConfiguration = [WebMergedContextConfiguration@24d330ff testClass = TimeEntryApiTest, locations = '{}', classes = '{class io.pivotal.pal.tracker.PalTrackerApplication, class io.pivotal.pal.tracker.PalTrackerApplication}', contextInitializerClasses = '[]', activeProfiles = '{}', propertySourceLocations = '{}', propertySourceProperties = '{org.springframework.boot.test.context.SpringBootTestContextBootstrapper=true, server.port=0}', contextCustomizers = set[org.springframework.boot.test.autoconfigure.properties.PropertyMappingContextCustomizer@0, org.springframework.boot.test.autoconfigure.web.servlet.WebDriverContextCustomizerFactory$Customizer@3c03946, org.springframework.boot.test.context.filter.ExcludeFilterContextCustomizer@6d60e583, org.springframework.boot.test.json.DuplicateJsonObjectContextCustomizerFactory$DuplicateJsonObjectContextCustomizer@5645d855, org.springframework.boot.test.mock.mockito.MockitoContextCustomizer@0, org.springframework.boot.test.web.client.TestRestTemplateContextCustomizer@6735982f], resourceBasePath = 'src/main/webapp', contextLoader = 'org.springframework.boot.test.context.SpringBootContextLoader', parent = [null]], attributes = map['org.springframework.test.context.web.ServletTestExecutionListener.activateListener' -> false]], class annotated with @DirtiesContext [false] with mode [null].
20:58:13.427 [Test worker] DEBUG org.springframework.test.context.support.DependencyInjectionTestExecutionListener - Performing dependency injection for test context [[DefaultTestContext@7c66a1c5 testClass = TimeEntryApiTest, testInstance = io.pivotal.pal.trackerapi.TimeEntryApiTest@379a3f8e, testMethod = [null], testException = [null], mergedContextConfiguration = [WebMergedContextConfiguration@24d330ff testClass = TimeEntryApiTest, locations = '{}', classes = '{class io.pivotal.pal.tracker.PalTrackerApplication, class io.pivotal.pal.tracker.PalTrackerApplication}', contextInitializerClasses = '[]', activeProfiles = '{}', propertySourceLocations = '{}', propertySourceProperties = '{org.springframework.boot.test.context.SpringBootTestContextBootstrapper=true, server.port=0}', contextCustomizers = set[org.springframework.boot.test.autoconfigure.properties.PropertyMappingContextCustomizer@0, org.springframework.boot.test.autoconfigure.web.servlet.WebDriverContextCustomizerFactory$Customizer@3c03946, org.springframework.boot.test.context.filter.ExcludeFilterContextCustomizer@6d60e583, org.springframework.boot.test.json.DuplicateJsonObjectContextCustomizerFactory$DuplicateJsonObjectContextCustomizer@5645d855, org.springframework.boot.test.mock.mockito.MockitoContextCustomizer@0, org.springframework.boot.test.web.client.TestRestTemplateContextCustomizer@6735982f], resourceBasePath = 'src/main/webapp', contextLoader = 'org.springframework.boot.test.context.SpringBootContextLoader', parent = [null]], attributes = map['org.springframework.test.context.web.ServletTestExecutionListener.activateListener' -> false]]].
20:58:13.446 [Test worker] DEBUG org.springframework.test.context.support.TestPropertySourceUtils - Adding inlined properties to environment: {spring.jmx.enabled=false, org.springframework.boot.test.context.SpringBootTestContextBootstrapper=true, server.port=0}

  .   ____          _            __ _ _
 /\\ / ___'_ __ _ _(_)_ __  __ _ \ \ \ \
( ( )\___ | '_ | '_| | '_ \/ _` | \ \ \ \
 \\/  ___)| |_)| | | | | || (_| |  ) ) ) )
  '  |____| .__|_| |_|_| |_\__, | / / / /
 =========|_|==============|___/=/_/_/_/
 :: Spring Boot ::        (v2.2.2.RELEASE)

2020-03-29 20:58:18.705  INFO 1818 --- [    Test worker] i.p.pal.trackerapi.TimeEntryApiTest      : Starting TimeEntryApiTest on RABODEVOPS-7s-MacBook-Pro.local with PID 1818 (started by rabodevops-7 in /Users/rabodevops-7/Documents/StudyWorkSpace/pal-tracker)
2020-03-29 20:58:18.709  INFO 1818 --- [    Test worker] i.p.pal.trackerapi.TimeEntryApiTest      : No active profile set, falling back to default profiles: default
2020-03-29 20:58:19.689  INFO 1818 --- [    Test worker] trationDelegate$BeanPostProcessorChecker : Bean 'org.springframework.transaction.annotation.ProxyTransactionManagementConfiguration' of type [org.springframework.transaction.annotation.ProxyTransactionManagementConfiguration] is not eligible for getting processed by all BeanPostProcessors (for example: not eligible for auto-proxying)
2020-03-29 20:58:19.935  INFO 1818 --- [    Test worker] o.s.b.w.embedded.tomcat.TomcatWebServer  : Tomcat initialized with port(s): 0 (http)
2020-03-29 20:58:19.945  INFO 1818 --- [    Test worker] o.apache.catalina.core.StandardService   : Starting service [Tomcat]
2020-03-29 20:58:19.945  INFO 1818 --- [    Test worker] org.apache.catalina.core.StandardEngine  : Starting Servlet engine: [Apache Tomcat/9.0.29]
2020-03-29 20:58:20.022  INFO 1818 --- [    Test worker] o.a.c.c.C.[Tomcat].[localhost].[/]       : Initializing Spring embedded WebApplicationContext
2020-03-29 20:58:20.023  INFO 1818 --- [    Test worker] o.s.web.context.ContextLoader            : Root WebApplicationContext: initialization completed in 1295 ms
2020-03-29 20:58:20.618  INFO 1818 --- [    Test worker] o.s.s.concurrent.ThreadPoolTaskExecutor  : Initializing ExecutorService 'applicationTaskExecutor'
2020-03-29 20:58:20.960  INFO 1818 --- [    Test worker] o.s.b.a.e.web.EndpointLinksResolver      : Exposing 2 endpoint(s) beneath base path '/actuator'
2020-03-29 20:58:21.062  INFO 1818 --- [    Test worker] o.s.b.w.embedded.tomcat.TomcatWebServer  : Tomcat started on port(s): 50203 (http) with context path ''
2020-03-29 20:58:21.068  INFO 1818 --- [    Test worker] i.p.pal.trackerapi.TimeEntryApiTest      : Started TimeEntryApiTest in 7.618 seconds (JVM running for 8.676)
2020-03-29 20:58:21.843  INFO 1818 --- [o-auto-1-exec-1] o.a.c.c.C.[Tomcat].[localhost].[/]       : Initializing Spring DispatcherServlet 'dispatcherServlet'
2020-03-29 20:58:21.844  INFO 1818 --- [o-auto-1-exec-1] o.s.web.servlet.DispatcherServlet        : Initializing Servlet 'dispatcherServlet'
2020-03-29 20:58:21.859  INFO 1818 --- [o-auto-1-exec-1] o.s.web.servlet.DispatcherServlet        : Completed initialization in 15 ms
2020-03-29 20:58:21.901  INFO 1818 --- [o-auto-1-exec-1] com.zaxxer.hikari.HikariDataSource       : HikariPool-1 - Starting...
2020-03-29 20:58:21.919  INFO 1818 --- [o-auto-1-exec-1] com.zaxxer.hikari.HikariDataSource       : HikariPool-1 - Start completed.
]]></system-out>
  <system-err><![CDATA[]]></system-err>
</testsuite>
