<?xml version="1.0" encoding="UTF-8"?>
<testsuite name="io.pivotal.pal.trackerapi.TimeEntryApiTest" tests="5" skipped="0" failures="0" errors="0" timestamp="2020-03-30T04:16:57" hostname="RABODEVOPS-7s-MacBook-Pro.local" time="1.035">
  <properties/>
  <testcase name="testList()" classname="io.pivotal.pal.trackerapi.TimeEntryApiTest" time="0.93"/>
  <testcase name="testRead()" classname="io.pivotal.pal.trackerapi.TimeEntryApiTest" time="0.032"/>
  <testcase name="testCreate()" classname="io.pivotal.pal.trackerapi.TimeEntryApiTest" time="0.018"/>
  <testcase name="testDelete()" classname="io.pivotal.pal.trackerapi.TimeEntryApiTest" time="0.028"/>
  <testcase name="testUpdate()" classname="io.pivotal.pal.trackerapi.TimeEntryApiTest" time="0.024"/>
  <system-out><![CDATA[09:46:48.489 [Test worker] DEBUG org.springframework.test.context.BootstrapUtils - Instantiating CacheAwareContextLoaderDelegate from class [org.springframework.test.context.cache.DefaultCacheAwareContextLoaderDelegate]
09:46:48.506 [Test worker] DEBUG org.springframework.test.context.BootstrapUtils - Instantiating BootstrapContext using constructor [public org.springframework.test.context.support.DefaultBootstrapContext(java.lang.Class,org.springframework.test.context.CacheAwareContextLoaderDelegate)]
09:46:48.538 [Test worker] DEBUG org.springframework.test.context.BootstrapUtils - Instantiating TestContextBootstrapper for test class [io.pivotal.pal.trackerapi.TimeEntryApiTest] from class [org.springframework.boot.test.context.SpringBootTestContextBootstrapper]
09:46:48.554 [Test worker] INFO org.springframework.boot.test.context.SpringBootTestContextBootstrapper - Neither @ContextConfiguration nor @ContextHierarchy found for test class [io.pivotal.pal.trackerapi.TimeEntryApiTest], using SpringBootContextLoader
09:46:48.560 [Test worker] DEBUG org.springframework.test.context.support.AbstractContextLoader - Did not detect default resource location for test class [io.pivotal.pal.trackerapi.TimeEntryApiTest]: class path resource [io/pivotal/pal/trackerapi/TimeEntryApiTest-context.xml] does not exist
09:46:48.560 [Test worker] DEBUG org.springframework.test.context.support.AbstractContextLoader - Did not detect default resource location for test class [io.pivotal.pal.trackerapi.TimeEntryApiTest]: class path resource [io/pivotal/pal/trackerapi/TimeEntryApiTestContext.groovy] does not exist
09:46:48.561 [Test worker] INFO org.springframework.test.context.support.AbstractContextLoader - Could not detect default resource locations for test class [io.pivotal.pal.trackerapi.TimeEntryApiTest]: no resource found for suffixes {-context.xml, Context.groovy}.
09:46:48.597 [Test worker] DEBUG org.springframework.test.context.support.ActiveProfilesUtils - Could not find an 'annotation declaring class' for annotation type [org.springframework.test.context.ActiveProfiles] and class [io.pivotal.pal.trackerapi.TimeEntryApiTest]
09:46:48.725 [Test worker] DEBUG org.springframework.boot.test.context.SpringBootTestContextBootstrapper - @TestExecutionListeners is not present for class [io.pivotal.pal.trackerapi.TimeEntryApiTest]: using defaults.
09:46:48.726 [Test worker] INFO org.springframework.boot.test.context.SpringBootTestContextBootstrapper - Loaded default TestExecutionListener class names from location [META-INF/spring.factories]: [org.springframework.boot.test.autoconfigure.restdocs.RestDocsTestExecutionListener, org.springframework.boot.test.autoconfigure.web.client.MockRestServiceServerResetTestExecutionListener, org.springframework.boot.test.autoconfigure.web.servlet.MockMvcPrintOnlyOnFailureTestExecutionListener, org.springframework.boot.test.autoconfigure.web.servlet.WebDriverTestExecutionListener, org.springframework.boot.test.mock.mockito.MockitoTestExecutionListener, org.springframework.boot.test.mock.mockito.ResetMocksTestExecutionListener, org.springframework.test.context.web.ServletTestExecutionListener, org.springframework.test.context.support.DirtiesContextBeforeModesTestExecutionListener, org.springframework.test.context.support.DependencyInjectionTestExecutionListener, org.springframework.test.context.support.DirtiesContextTestExecutionListener, org.springframework.test.context.transaction.TransactionalTestExecutionListener, org.springframework.test.context.jdbc.SqlScriptsTestExecutionListener, org.springframework.test.context.event.EventPublishingTestExecutionListener]
09:46:48.740 [Test worker] INFO org.springframework.boot.test.context.SpringBootTestContextBootstrapper - Using TestExecutionListeners: [org.springframework.test.context.web.ServletTestExecutionListener@2dc9073a, org.springframework.test.context.support.DirtiesContextBeforeModesTestExecutionListener@68c9623e, org.springframework.boot.test.mock.mockito.MockitoTestExecutionListener@64505ecc, org.springframework.boot.test.autoconfigure.SpringBootDependencyInjectionTestExecutionListener@4775ead5, org.springframework.test.context.support.DirtiesContextTestExecutionListener@2260d5d6, org.springframework.test.context.transaction.TransactionalTestExecutionListener@19b9b36, org.springframework.test.context.jdbc.SqlScriptsTestExecutionListener@675b03f7, org.springframework.test.context.event.EventPublishingTestExecutionListener@f106e8b, org.springframework.boot.test.autoconfigure.restdocs.RestDocsTestExecutionListener@2bfac4da, org.springframework.boot.test.autoconfigure.web.client.MockRestServiceServerResetTestExecutionListener@7665a8b8, org.springframework.boot.test.autoconfigure.web.servlet.MockMvcPrintOnlyOnFailureTestExecutionListener@499e4938, org.springframework.boot.test.autoconfigure.web.servlet.WebDriverTestExecutionListener@457612b6, org.springframework.boot.test.mock.mockito.ResetMocksTestExecutionListener@3857c2d6]
09:46:48.742 [Test worker] DEBUG org.springframework.test.context.support.AbstractDirtiesContextTestExecutionListener - Before test class: context [DefaultTestContext@1f1fb0c1 testClass = TimeEntryApiTest, testInstance = [null], testMethod = [null], testException = [null], mergedContextConfiguration = [WebMergedContextConfiguration@9e25c48 testClass = TimeEntryApiTest, locations = '{}', classes = '{class io.pivotal.pal.tracker.PalTrackerApplication, class io.pivotal.pal.tracker.PalTrackerApplication}', contextInitializerClasses = '[]', activeProfiles = '{}', propertySourceLocations = '{}', propertySourceProperties = '{org.springframework.boot.test.context.SpringBootTestContextBootstrapper=true, server.port=0}', contextCustomizers = set[org.springframework.boot.test.autoconfigure.properties.PropertyMappingContextCustomizer@0, org.springframework.boot.test.autoconfigure.web.servlet.WebDriverContextCustomizerFactory$Customizer@246e7f1, org.springframework.boot.test.context.filter.ExcludeFilterContextCustomizer@7c69fa79, org.springframework.boot.test.json.DuplicateJsonObjectContextCustomizerFactory$DuplicateJsonObjectContextCustomizer@3011a5b0, org.springframework.boot.test.mock.mockito.MockitoContextCustomizer@0, org.springframework.boot.test.web.client.TestRestTemplateContextCustomizer@20942c0], resourceBasePath = 'src/main/webapp', contextLoader = 'org.springframework.boot.test.context.SpringBootContextLoader', parent = [null]], attributes = map['org.springframework.test.context.web.ServletTestExecutionListener.activateListener' -> false]], class annotated with @DirtiesContext [false] with mode [null].
09:46:48.754 [Test worker] DEBUG org.springframework.test.context.support.DependencyInjectionTestExecutionListener - Performing dependency injection for test context [[DefaultTestContext@1f1fb0c1 testClass = TimeEntryApiTest, testInstance = io.pivotal.pal.trackerapi.TimeEntryApiTest@4f10e3f4, testMethod = [null], testException = [null], mergedContextConfiguration = [WebMergedContextConfiguration@9e25c48 testClass = TimeEntryApiTest, locations = '{}', classes = '{class io.pivotal.pal.tracker.PalTrackerApplication, class io.pivotal.pal.tracker.PalTrackerApplication}', contextInitializerClasses = '[]', activeProfiles = '{}', propertySourceLocations = '{}', propertySourceProperties = '{org.springframework.boot.test.context.SpringBootTestContextBootstrapper=true, server.port=0}', contextCustomizers = set[org.springframework.boot.test.autoconfigure.properties.PropertyMappingContextCustomizer@0, org.springframework.boot.test.autoconfigure.web.servlet.WebDriverContextCustomizerFactory$Customizer@246e7f1, org.springframework.boot.test.context.filter.ExcludeFilterContextCustomizer@7c69fa79, org.springframework.boot.test.json.DuplicateJsonObjectContextCustomizerFactory$DuplicateJsonObjectContextCustomizer@3011a5b0, org.springframework.boot.test.mock.mockito.MockitoContextCustomizer@0, org.springframework.boot.test.web.client.TestRestTemplateContextCustomizer@20942c0], resourceBasePath = 'src/main/webapp', contextLoader = 'org.springframework.boot.test.context.SpringBootContextLoader', parent = [null]], attributes = map['org.springframework.test.context.web.ServletTestExecutionListener.activateListener' -> false]]].
09:46:48.782 [Test worker] DEBUG org.springframework.test.context.support.TestPropertySourceUtils - Adding inlined properties to environment: {spring.jmx.enabled=false, org.springframework.boot.test.context.SpringBootTestContextBootstrapper=true, server.port=0}

  .   ____          _            __ _ _
 /\\ / ___'_ __ _ _(_)_ __  __ _ \ \ \ \
( ( )\___ | '_ | '_| | '_ \/ _` | \ \ \ \
 \\/  ___)| |_)| | | | | || (_| |  ) ) ) )
  '  |____| .__|_| |_|_| |_\__, | / / / /
 =========|_|==============|___/=/_/_/_/
 :: Spring Boot ::        (v2.2.2.RELEASE)

2020-03-30 09:46:54.088  INFO 1831 --- [    Test worker] i.p.pal.trackerapi.TimeEntryApiTest      : Starting TimeEntryApiTest on RABODEVOPS-7s-MacBook-Pro.local with PID 1831 (started by rabodevops-7 in /Users/rabodevops-7/Documents/StudyWorkSpace/pal-tracker)
2020-03-30 09:46:54.090  INFO 1831 --- [    Test worker] i.p.pal.trackerapi.TimeEntryApiTest      : No active profile set, falling back to default profiles: default
2020-03-30 09:46:55.283  INFO 1831 --- [    Test worker] trationDelegate$BeanPostProcessorChecker : Bean 'org.springframework.transaction.annotation.ProxyTransactionManagementConfiguration' of type [org.springframework.transaction.annotation.ProxyTransactionManagementConfiguration] is not eligible for getting processed by all BeanPostProcessors (for example: not eligible for auto-proxying)
2020-03-30 09:46:55.575  INFO 1831 --- [    Test worker] o.s.b.w.embedded.tomcat.TomcatWebServer  : Tomcat initialized with port(s): 0 (http)
2020-03-30 09:46:55.587  INFO 1831 --- [    Test worker] o.apache.catalina.core.StandardService   : Starting service [Tomcat]
2020-03-30 09:46:55.587  INFO 1831 --- [    Test worker] org.apache.catalina.core.StandardEngine  : Starting Servlet engine: [Apache Tomcat/9.0.29]
2020-03-30 09:46:55.660  INFO 1831 --- [    Test worker] o.a.c.c.C.[Tomcat].[localhost].[/]       : Initializing Spring embedded WebApplicationContext
2020-03-30 09:46:55.660  INFO 1831 --- [    Test worker] o.s.web.context.ContextLoader            : Root WebApplicationContext: initialization completed in 1548 ms
2020-03-30 09:46:56.414  INFO 1831 --- [    Test worker] o.s.s.concurrent.ThreadPoolTaskExecutor  : Initializing ExecutorService 'applicationTaskExecutor'
2020-03-30 09:46:56.891  INFO 1831 --- [    Test worker] o.s.b.a.e.web.EndpointLinksResolver      : Exposing 13 endpoint(s) beneath base path '/actuator'
2020-03-30 09:46:56.977  INFO 1831 --- [    Test worker] o.s.b.w.embedded.tomcat.TomcatWebServer  : Tomcat started on port(s): 50594 (http) with context path ''
2020-03-30 09:46:56.983  INFO 1831 --- [    Test worker] i.p.pal.trackerapi.TimeEntryApiTest      : Started TimeEntryApiTest in 8.197 seconds (JVM running for 9.532)
2020-03-30 09:46:57.740  INFO 1831 --- [o-auto-1-exec-1] o.a.c.c.C.[Tomcat].[localhost].[/]       : Initializing Spring DispatcherServlet 'dispatcherServlet'
2020-03-30 09:46:57.741  INFO 1831 --- [o-auto-1-exec-1] o.s.web.servlet.DispatcherServlet        : Initializing Servlet 'dispatcherServlet'
2020-03-30 09:46:57.760  INFO 1831 --- [o-auto-1-exec-1] o.s.web.servlet.DispatcherServlet        : Completed initialization in 19 ms
2020-03-30 09:46:57.802  INFO 1831 --- [o-auto-1-exec-1] com.zaxxer.hikari.HikariDataSource       : HikariPool-1 - Starting...
2020-03-30 09:46:57.820  INFO 1831 --- [o-auto-1-exec-1] com.zaxxer.hikari.HikariDataSource       : HikariPool-1 - Start completed.
]]></system-out>
  <system-err><![CDATA[]]></system-err>
</testsuite>
