<?xml version="1.0" encoding="UTF-8"?>
<testsuite name="io.pivotal.pal.tracker.EnvControllerTest" tests="1" skipped="0" failures="0" errors="0" timestamp="2020-03-30T03:52:31" hostname="RABODEVOPS-7s-MacBook-Pro.local" time="0.0">
  <properties/>
  <testcase name="getEnv()" classname="io.pivotal.pal.tracker.EnvControllerTest" time="0.0"/>
  <system-out><![CDATA[]]></system-out>
  <system-err><![CDATA[]]></system-err>
</testsuite>
